<?xml version="1.0" encoding="utf-8"?><testsuites name="pytest tests"><testsuite name="pytest" errors="0" failures="0" skipped="0" tests="33" time="10.888" timestamp="2026-05-09T17:24:41.822259+00:00" hostname="agent-env-0f07303d-a6c5-4d2e-85ea-02920cf01830"><testcase classname="backend.tests.test_api.TestRoot" name="test_root" time="0.215" /><testcase classname="backend.tests.test_api.TestRoot" name="test_apps_templates_new_path" time="0.113" /><testcase classname="backend.tests.test_api.TestRoot" name="test_legacy_templates_path_404" time="0.112" /><testcase classname="backend.tests.test_api.TestAuth" name="test_me_no_token_401" time="0.163" /><testcase classname="backend.tests.test_api.TestAuth" name="test_me_valid" time="0.105" /><testcase classname="backend.tests.test_api.TestAuth" name="test_apps_projects_requires_auth" time="0.125" /><testcase classname="backend.tests.test_api.TestAppsProjects" name="test_create" time="0.107" /><testcase classname="backend.tests.test_api.TestAppsProjects" name="test_list_isolation" time="0.215" /><testcase classname="backend.tests.test_api.TestAppsProjects" name="test_get_wrong_user_404" time="0.101" /><testcase classname="backend.tests.test_api.TestAppsProjects" name="test_update_code" time="0.264" /><testcase classname="backend.tests.test_api.TestAppsProjects" name="test_export_zip" time="0.133" /><testcase classname="backend.tests.test_api.TestAppsProjects" name="test_delete_cascade" time="0.267" /><testcase classname="backend.tests.test_api.TestKnowledge" name="test_create_kb" time="0.109" /><testcase classname="backend.tests.test_api.TestKnowledge" name="test_list_isolation" time="0.251" /><testcase classname="backend.tests.test_api.TestKnowledge" name="test_upload_txt_document" time="0.126" /><testcase classname="backend.tests.test_api.TestKnowledge" name="test_list_documents" time="0.104" /><testcase classname="backend.tests.test_api.TestKnowledge" name="test_search_bm25" time="0.155" /><testcase classname="backend.tests.test_api.TestKnowledge" name="test_search_no_overlap_returns_empty" time="0.119" /><testcase classname="backend.tests.test_api.TestKnowledge" name="test_unsupported_filetype" time="0.105" /><testcase classname="backend.tests.test_api.TestKnowledge" name="test_delete_document_cascades_chunks" time="0.106" /><testcase classname="backend.tests.test_api.TestKnowledge" name="test_delete_kb_cascades" time="0.343" /><testcase classname="backend.tests.test_api.TestAgents" name="test_create_invalid_type_400" time="0.113" /><testcase classname="backend.tests.test_api.TestAgents" name="test_create_conversational" time="0.107" /><testcase classname="backend.tests.test_api.TestAgents" name="test_create_autonomous" time="0.111" /><testcase classname="backend.tests.test_api.TestAgents" name="test_create_coding_agent_with_project" time="0.330" /><testcase classname="backend.tests.test_api.TestAgents" name="test_list_agents_isolation" time="0.237" /><testcase classname="backend.tests.test_api.TestAgents" name="test_conversational_chat" time="1.130" /><testcase classname="backend.tests.test_api.TestAgents" name="test_autonomous_runtask_streams_calculator" time="3.523" /><testcase classname="backend.tests.test_api.TestAgents" name="test_coding_agent_updates_project" time="1.293" /><testcase classname="backend.tests.test_api.TestAgents" name="test_chat_on_autonomous_returns_400" time="0.112" /><testcase classname="backend.tests.test_api.TestAgents" name="test_runtask_on_conversational_returns_400" time="0.109" /><testcase classname="backend.tests.test_api.TestAgents" name="test_get_messages" time="0.124" /><testcase classname="backend.tests.test_api.TestAgents" name="test_delete_agent_cascades_messages" time="0.114" /></testsuite></testsuites>