<?xml version="1.0" encoding="utf-8"?><testsuites name="pytest tests"><testsuite name="pytest" errors="0" failures="0" skipped="0" tests="24" time="10.809" timestamp="2026-05-08T22:25:41.900449+00:00" hostname="agent-env-0f07303d-a6c5-4d2e-85ea-02920cf01830"><testcase classname="backend.tests.test_api.TestRoot" name="test_root" time="0.240" /><testcase classname="backend.tests.test_api.TestRoot" name="test_templates" time="0.123" /><testcase classname="backend.tests.test_api.TestAuth" name="test_me_no_token_401" time="0.107" /><testcase classname="backend.tests.test_api.TestAuth" name="test_me_invalid_token_401" time="0.123" /><testcase classname="backend.tests.test_api.TestAuth" name="test_me_valid_token" time="0.119" /><testcase classname="backend.tests.test_api.TestAuth" name="test_projects_requires_auth" time="0.116" /><testcase classname="backend.tests.test_api.TestAuth" name="test_logout_then_session_invalidated" time="0.287" /><testcase classname="backend.tests.test_api.TestAuth" name="test_migrate_legacy_projects" time="0.383" /><testcase classname="backend.tests.test_api.TestProjectCRUD" name="test_create_project" time="0.154" /><testcase classname="backend.tests.test_api.TestProjectCRUD" name="test_list_isolation" time="0.257" /><testcase classname="backend.tests.test_api.TestProjectCRUD" name="test_get_wrong_user_404" time="0.114" /><testcase classname="backend.tests.test_api.TestProjectCRUD" name="test_update_code_default_path" time="0.241" /><testcase classname="backend.tests.test_api.TestProjectCRUD" name="test_update_code_specific_path" time="0.271" /><testcase classname="backend.tests.test_api.TestGenerate" name="test_generate_non_stream" time="2.809" /><testcase classname="backend.tests.test_api.TestGenerate" name="test_versions_after_generate" time="0.173" /><testcase classname="backend.tests.test_api.TestGenerate" name="test_generate_stream" time="2.934" /><testcase classname="backend.tests.test_api.TestGenerate" name="test_generate_unauthorized_user_404" time="0.143" /><testcase classname="backend.tests.test_api.TestVersions" name="test_list_versions_sorted_desc" time="0.218" /><testcase classname="backend.tests.test_api.TestVersions" name="test_versions_isolation" time="0.123" /><testcase classname="backend.tests.test_api.TestVersions" name="test_rollback" time="0.347" /><testcase classname="backend.tests.test_api.TestVersions" name="test_rollback_invalid_version" time="0.190" /><testcase classname="backend.tests.test_api.TestMultiFileExportAndPath" name="test_export_zip_structure" time="0.497" /><testcase classname="backend.tests.test_api.TestMultiFileExportAndPath" name="test_export_unauthorized_404" time="0.105" /><testcase classname="backend.tests.test_api.TestDeleteCascade" name="test_delete_cascades" time="0.364" /></testsuite></testsuites>